<?xml version="1.0" encoding="UTF-8"?>
<!-- Generated by org.testng.reporters.JUnitReportReporter -->
<testsuite hostname="EC2AMAZ-S11DBRH" failures="0" tests="1" name="testScripts.SampleOneTest" time="5.800" errors="0" timestamp="2023-08-17T05:22:27 GMT" skipped="0">
  <testcase classname="testScripts.SampleOneTest" name="searchCypressTest" time="5.800"/>
  <system-out/>
</testsuite> <!-- testScripts.SampleOneTest -->
